info: ::1 - - [06/Jul/2022:03:28:19 +0000] "POST /api/v1/cart/6214803b05253301a4fda584 HTTP/1.1" 201 1073 "-" "PostmanRuntime/7.29.0"

info: ::1 - - [06/Jul/2022:03:28:35 +0000] "POST /api/v1/cart/6214803b05253301a4fda58 HTTP/1.1" 400 146 "-" "PostmanRuntime/7.29.0"

info: ::1 - - [06/Jul/2022:03:29:03 +0000] "POST /api/v1/cart/6214803b05253301a4fda584 HTTP/1.1" 201 1961 "-" "PostmanRuntime/7.29.0"

info: ::1 - - [06/Jul/2022:03:29:56 +0000] "PUT /api/v1/cart/6214803b05253301a4fda584 HTTP/1.1" 400 63 "-" "PostmanRuntime/7.29.0"

info: ::1 - - [06/Jul/2022:03:31:08 +0000] "PUT /api/v1/cart/6214803b05253301a4fda584 HTTP/1.1" 400 63 "-" "PostmanRuntime/7.29.0"

info: ::1 - - [06/Jul/2022:03:31:21 +0000] "POST /api/v1/cart/6214803b05253301a4fda584 HTTP/1.1" 201 2849 "-" "PostmanRuntime/7.29.0"

info: ::1 - - [06/Jul/2022:03:31:31 +0000] "PUT /api/v1/cart/6214803b05253301a4fda584 HTTP/1.1" 400 63 "-" "PostmanRuntime/7.29.0"

info: ::1 - - [06/Jul/2022:11:45:32 +0000] "POST /api/v1/users/signup HTTP/1.1" 201 326 "-" "PostmanRuntime/7.29.0"

info: ::1 - - [06/Jul/2022:11:46:11 +0000] "POST /api/v1/users/signin HTTP/1.1" 200 240 "-" "PostmanRuntime/7.29.0"

info: ::1 - - [06/Jul/2022:11:47:02 +0000] "POST /api/v1/books HTTP/1.1" 404 47 "-" "PostmanRuntime/7.29.0"

info: ::1 - - [06/Jul/2022:11:47:07 +0000] "GET /api/v1/books HTTP/1.1" 200 9282 "-" "PostmanRuntime/7.29.0"

info: ::1 - - [06/Jul/2022:11:47:33 +0000] "POST /api/v1/cart/6214803b05253301a4fda584 HTTP/1.1" 201 3737 "-" "PostmanRuntime/7.29.0"

info: ::1 - - [06/Jul/2022:11:49:50 +0000] "GET /api/v1/books HTTP/1.1" 200 9282 "-" "PostmanRuntime/7.29.0"

info: ::1 - - [06/Jul/2022:12:17:01 +0000] "POST /api/v1/cart/621588af05253301a4fda5ce HTTP/1.1" 201 3902 "-" "PostmanRuntime/7.29.0"

info: ::1 - - [06/Jul/2022:12:19:58 +0000] "POST /api/v1/cart/621588af05253301a4fda5ce HTTP/1.1" 201 4067 "-" "PostmanRuntime/7.29.0"

info: ::1 - - [06/Jul/2022:12:20:10 +0000] "POST /api/v1/cart/621588af05253301a4fda5ce HTTP/1.1" 201 4232 "-" "PostmanRuntime/7.29.0"

info: ::1 - - [06/Jul/2022:12:23:13 +0000] "PUT /api/v1/cart/621588af05253301a4fda5ce HTTP/1.1" 400 63 "-" "PostmanRuntime/7.29.0"

info: ::1 - - [06/Jul/2022:12:24:26 +0000] "PUT /api/v1/cart/621588af05253301a4fda5ce HTTP/1.1" 400 63 "-" "PostmanRuntime/7.29.0"

info: ::1 - - [06/Jul/2022:12:26:54 +0000] "PUT /api/v1/cart/621588af05253301a4fda5ce HTTP/1.1" 400 63 "-" "PostmanRuntime/7.29.0"

info: ::1 - - [06/Jul/2022:12:32:35 +0000] "PUT /api/v1/cart/621588af05253301a4fda5ce HTTP/1.1" 400 63 "-" "PostmanRuntime/7.29.0"

info: ::1 - - [06/Jul/2022:12:35:55 +0000] "PUT /api/v1/cart/621588af05253301a4fda5ce HTTP/1.1" 400 91 "-" "PostmanRuntime/7.29.0"

info: ::1 - - [06/Jul/2022:12:38:55 +0000] "PUT /api/v1/cart/621588af05253301a4fda5ce HTTP/1.1" 400 91 "-" "PostmanRuntime/7.29.0"

info: ::1 - - [06/Jul/2022:13:55:01 +0000] "PUT /api/v1/cart/621588af05253301a4fda5ce HTTP/1.1" 400 91 "-" "PostmanRuntime/7.29.0"

info: ::1 - - [06/Jul/2022:14:00:06 +0000] "PUT /api/v1/cart/621588af05253301a4fda5ce HTTP/1.1" 400 91 "-" "PostmanRuntime/7.29.0"

info: ::1 - - [06/Jul/2022:14:02:25 +0000] "GET /api/v1/cart HTTP/1.1" 200 4222 "-" "PostmanRuntime/7.29.0"

info: ::1 - - [06/Jul/2022:14:03:53 +0000] "GET /api/v1/cart HTTP/1.1" 200 4222 "-" "PostmanRuntime/7.29.0"

info: ::1 - - [06/Jul/2022:14:11:02 +0000] "GET /api/v1/cart HTTP/1.1" 200 4222 "-" "PostmanRuntime/7.29.0"

info: ::1 - - [06/Jul/2022:14:18:41 +0000] "PUT /api/v1/cart/62c57dee2404d737fc6d0c11 HTTP/1.1" 400 112 "-" "PostmanRuntime/7.29.0"

info: ::1 - - [06/Jul/2022:14:19:02 +0000] "PUT /api/v1/cart/62c57dee2404d737fc6d0c11 HTTP/1.1" 202 4222 "-" "PostmanRuntime/7.29.0"

info: ::1 - - [06/Jul/2022:14:19:28 +0000] "PUT /api/v1/cart/62c57dee2404d737fc6d0c11 HTTP/1.1" 202 4222 "-" "PostmanRuntime/7.29.0"

info: ::1 - - [06/Jul/2022:14:35:02 +0000] "PUT /api/v1/cart/621588af05253301a4fda5ce HTTP/1.1" 202 4223 "-" "PostmanRuntime/7.29.0"

info: ::1 - - [06/Jul/2022:14:39:40 +0000] "PUT /api/v1/cart/621588af05253301a4fda5ce HTTP/1.1" 202 4223 "-" "PostmanRuntime/7.29.0"

info: ::1 - - [06/Jul/2022:14:41:31 +0000] "PUT /api/v1/cart/621588af05253301a4fda5ce HTTP/1.1" 400 62 "-" "PostmanRuntime/7.29.0"

info: ::1 - - [06/Jul/2022:14:43:07 +0000] "PUT /api/v1/cart/621588af05253301a4fda5ce HTTP/1.1" 202 4223 "-" "PostmanRuntime/7.29.0"

info: ::1 - - [06/Jul/2022:14:45:27 +0000] "PUT /api/v1/cart/621588af05253301a4fda5ce HTTP/1.1" 202 4226 "-" "PostmanRuntime/7.29.0"

info: ::1 - - [06/Jul/2022:14:46:00 +0000] "DELETE /api/v1/cart/621588af05253301a4fda5ce HTTP/1.1" 400 76 "-" "PostmanRuntime/7.29.0"

info: ::1 - - [06/Jul/2022:14:48:50 +0000] "DELETE /api/v1/cart/621588af05253301a4fda5ce HTTP/1.1" 200 50 "-" "PostmanRuntime/7.29.0"

info: ::1 - - [06/Jul/2022:14:50:45 +0000] "DELETE /api/v1/cart/621588af05253301a4fda5ce HTTP/1.1" 200 3892 "-" "PostmanRuntime/7.29.0"

