info: ::1 - - [06/Jul/2022:03:28:19 +0000] "POST /api/v1/cart/6214803b05253301a4fda584 HTTP/1.1" 201 1073 "-" "PostmanRuntime/7.29.0"

info: ::1 - - [06/Jul/2022:03:28:35 +0000] "POST /api/v1/cart/6214803b05253301a4fda58 HTTP/1.1" 400 146 "-" "PostmanRuntime/7.29.0"

info: ::1 - - [06/Jul/2022:03:29:03 +0000] "POST /api/v1/cart/6214803b05253301a4fda584 HTTP/1.1" 201 1961 "-" "PostmanRuntime/7.29.0"

info: ::1 - - [06/Jul/2022:03:29:56 +0000] "PUT /api/v1/cart/6214803b05253301a4fda584 HTTP/1.1" 400 63 "-" "PostmanRuntime/7.29.0"

info: ::1 - - [06/Jul/2022:03:31:08 +0000] "PUT /api/v1/cart/6214803b05253301a4fda584 HTTP/1.1" 400 63 "-" "PostmanRuntime/7.29.0"

info: ::1 - - [06/Jul/2022:03:31:21 +0000] "POST /api/v1/cart/6214803b05253301a4fda584 HTTP/1.1" 201 2849 "-" "PostmanRuntime/7.29.0"

info: ::1 - - [06/Jul/2022:03:31:31 +0000] "PUT /api/v1/cart/6214803b05253301a4fda584 HTTP/1.1" 400 63 "-" "PostmanRuntime/7.29.0"

error: uncaughtException: listen EADDRINUSE: address already in use :::5000
Error: listen EADDRINUSE: address already in use :::5000
    at Server.setupListenHandle [as _listen2] (node:net:1372:16)
    at listenInCluster (node:net:1420:12)
    at Server.listen (node:net:1508:7)
    at Function.listen (D:\book-store-server\node_modules\express\lib\application.js:635:24)
    at Object.<anonymous> (D:\book-store-server\src\/index.js:37:5)
    at Module._compile (node:internal/modules/cjs/loader:1105:14)
    at Module._compile (D:\book-store-server\node_modules\pirates\lib\index.js:136:24)
    at Module._extensions..js (node:internal/modules/cjs/loader:1159:10)
    at Object.newLoader [as .js] (D:\book-store-server\node_modules\pirates\lib\index.js:141:7)
    at Module.load (node:internal/modules/cjs/loader:981:32)
    at Function.Module._load (node:internal/modules/cjs/loader:822:12)
    at Function.executeUserEntryPoint [as runMain] (node:internal/modules/run_main:77:12)
    at Object.<anonymous> (D:\book-store-server\node_modules\@babel\node\lib\_babel-node.js:176:21)
    at Module._compile (node:internal/modules/cjs/loader:1105:14)
    at Object.Module._extensions..js (node:internal/modules/cjs/loader:1159:10)
    at Module.load (node:internal/modules/cjs/loader:981:32) {"date":"Wed Jul 06 2022 17:11:59 GMT+0530 (India Standard Time)","error":{"address":"::","code":"EADDRINUSE","errno":-4091,"port":5000,"syscall":"listen"},"exception":true,"os":{"loadavg":[0,0,0],"uptime":781305},"process":{"argv":["node","D:\\book-store-server\\src\\index.js"],"cwd":"D:\\book-store-server","execPath":"C:\\Program Files\\nodejs\\node.exe","gid":null,"memoryUsage":{"arrayBuffers":19443655,"external":26012502,"heapTotal":121503744,"heapUsed":94098152,"rss":154636288},"pid":10508,"uid":null,"version":"v16.15.0"},"stack":"Error: listen EADDRINUSE: address already in use :::5000\n    at Server.setupListenHandle [as _listen2] (node:net:1372:16)\n    at listenInCluster (node:net:1420:12)\n    at Server.listen (node:net:1508:7)\n    at Function.listen (D:\\book-store-server\\node_modules\\express\\lib\\application.js:635:24)\n    at Object.<anonymous> (D:\\book-store-server\\src\\/index.js:37:5)\n    at Module._compile (node:internal/modules/cjs/loader:1105:14)\n    at Module._compile (D:\\book-store-server\\node_modules\\pirates\\lib\\index.js:136:24)\n    at Module._extensions..js (node:internal/modules/cjs/loader:1159:10)\n    at Object.newLoader [as .js] (D:\\book-store-server\\node_modules\\pirates\\lib\\index.js:141:7)\n    at Module.load (node:internal/modules/cjs/loader:981:32)\n    at Function.Module._load (node:internal/modules/cjs/loader:822:12)\n    at Function.executeUserEntryPoint [as runMain] (node:internal/modules/run_main:77:12)\n    at Object.<anonymous> (D:\\book-store-server\\node_modules\\@babel\\node\\lib\\_babel-node.js:176:21)\n    at Module._compile (node:internal/modules/cjs/loader:1105:14)\n    at Object.Module._extensions..js (node:internal/modules/cjs/loader:1159:10)\n    at Module.load (node:internal/modules/cjs/loader:981:32)","trace":[{"column":16,"file":"node:net","function":"Server.setupListenHandle [as _listen2]","line":1372,"method":"setupListenHandle [as _listen2]","native":false},{"column":12,"file":"node:net","function":"listenInCluster","line":1420,"method":null,"native":false},{"column":7,"file":"node:net","function":"Server.listen","line":1508,"method":"listen","native":false},{"column":24,"file":"D:\\book-store-server\\node_modules\\express\\lib\\application.js","function":"Function.listen","line":635,"method":"listen","native":false},{"column":5,"file":"D:\\book-store-server\\src\\/index.js","function":null,"line":37,"method":null,"native":false},{"column":14,"file":"node:internal/modules/cjs/loader","function":"Module._compile","line":1105,"method":"_compile","native":false},{"column":24,"file":"D:\\book-store-server\\node_modules\\pirates\\lib\\index.js","function":"Module._compile","line":136,"method":"_compile","native":false},{"column":10,"file":"node:internal/modules/cjs/loader","function":"Module._extensions..js","line":1159,"method":".js","native":false},{"column":7,"file":"D:\\book-store-server\\node_modules\\pirates\\lib\\index.js","function":"Object.newLoader [as .js]","line":141,"method":"js]","native":false},{"column":32,"file":"node:internal/modules/cjs/loader","function":"Module.load","line":981,"method":"load","native":false},{"column":12,"file":"node:internal/modules/cjs/loader","function":"Module._load","line":822,"method":"_load","native":false},{"column":12,"file":"node:internal/modules/run_main","function":"Function.executeUserEntryPoint [as runMain]","line":77,"method":"executeUserEntryPoint [as runMain]","native":false},{"column":21,"file":"D:\\book-store-server\\node_modules\\@babel\\node\\lib\\_babel-node.js","function":null,"line":176,"method":null,"native":false},{"column":14,"file":"node:internal/modules/cjs/loader","function":"Module._compile","line":1105,"method":"_compile","native":false},{"column":10,"file":"node:internal/modules/cjs/loader","function":"Module._extensions..js","line":1159,"method":".js","native":false},{"column":32,"file":"node:internal/modules/cjs/loader","function":"Module.load","line":981,"method":"load","native":false}]}
info: ::1 - - [06/Jul/2022:11:45:32 +0000] "POST /api/v1/users/signup HTTP/1.1" 201 326 "-" "PostmanRuntime/7.29.0"

info: ::1 - - [06/Jul/2022:11:46:11 +0000] "POST /api/v1/users/signin HTTP/1.1" 200 240 "-" "PostmanRuntime/7.29.0"

info: ::1 - - [06/Jul/2022:11:47:02 +0000] "POST /api/v1/books HTTP/1.1" 404 47 "-" "PostmanRuntime/7.29.0"

info: ::1 - - [06/Jul/2022:11:47:07 +0000] "GET /api/v1/books HTTP/1.1" 200 9282 "-" "PostmanRuntime/7.29.0"

info: ::1 - - [06/Jul/2022:11:47:33 +0000] "POST /api/v1/cart/6214803b05253301a4fda584 HTTP/1.1" 201 3737 "-" "PostmanRuntime/7.29.0"

info: ::1 - - [06/Jul/2022:11:49:50 +0000] "GET /api/v1/books HTTP/1.1" 200 9282 "-" "PostmanRuntime/7.29.0"

info: ::1 - - [06/Jul/2022:12:17:01 +0000] "POST /api/v1/cart/621588af05253301a4fda5ce HTTP/1.1" 201 3902 "-" "PostmanRuntime/7.29.0"

info: ::1 - - [06/Jul/2022:12:19:58 +0000] "POST /api/v1/cart/621588af05253301a4fda5ce HTTP/1.1" 201 4067 "-" "PostmanRuntime/7.29.0"

info: ::1 - - [06/Jul/2022:12:20:10 +0000] "POST /api/v1/cart/621588af05253301a4fda5ce HTTP/1.1" 201 4232 "-" "PostmanRuntime/7.29.0"

info: ::1 - - [06/Jul/2022:12:23:13 +0000] "PUT /api/v1/cart/621588af05253301a4fda5ce HTTP/1.1" 400 63 "-" "PostmanRuntime/7.29.0"

info: ::1 - - [06/Jul/2022:12:24:26 +0000] "PUT /api/v1/cart/621588af05253301a4fda5ce HTTP/1.1" 400 63 "-" "PostmanRuntime/7.29.0"

info: ::1 - - [06/Jul/2022:12:26:54 +0000] "PUT /api/v1/cart/621588af05253301a4fda5ce HTTP/1.1" 400 63 "-" "PostmanRuntime/7.29.0"

info: ::1 - - [06/Jul/2022:12:32:35 +0000] "PUT /api/v1/cart/621588af05253301a4fda5ce HTTP/1.1" 400 63 "-" "PostmanRuntime/7.29.0"

info: ::1 - - [06/Jul/2022:12:35:55 +0000] "PUT /api/v1/cart/621588af05253301a4fda5ce HTTP/1.1" 400 91 "-" "PostmanRuntime/7.29.0"

info: ::1 - - [06/Jul/2022:12:38:55 +0000] "PUT /api/v1/cart/621588af05253301a4fda5ce HTTP/1.1" 400 91 "-" "PostmanRuntime/7.29.0"

info: ::1 - - [06/Jul/2022:13:55:01 +0000] "PUT /api/v1/cart/621588af05253301a4fda5ce HTTP/1.1" 400 91 "-" "PostmanRuntime/7.29.0"

info: ::1 - - [06/Jul/2022:14:00:06 +0000] "PUT /api/v1/cart/621588af05253301a4fda5ce HTTP/1.1" 400 91 "-" "PostmanRuntime/7.29.0"

info: ::1 - - [06/Jul/2022:14:02:25 +0000] "GET /api/v1/cart HTTP/1.1" 200 4222 "-" "PostmanRuntime/7.29.0"

info: ::1 - - [06/Jul/2022:14:03:53 +0000] "GET /api/v1/cart HTTP/1.1" 200 4222 "-" "PostmanRuntime/7.29.0"

info: ::1 - - [06/Jul/2022:14:11:02 +0000] "GET /api/v1/cart HTTP/1.1" 200 4222 "-" "PostmanRuntime/7.29.0"

info: ::1 - - [06/Jul/2022:14:18:41 +0000] "PUT /api/v1/cart/62c57dee2404d737fc6d0c11 HTTP/1.1" 400 112 "-" "PostmanRuntime/7.29.0"

info: ::1 - - [06/Jul/2022:14:19:02 +0000] "PUT /api/v1/cart/62c57dee2404d737fc6d0c11 HTTP/1.1" 202 4222 "-" "PostmanRuntime/7.29.0"

info: ::1 - - [06/Jul/2022:14:19:28 +0000] "PUT /api/v1/cart/62c57dee2404d737fc6d0c11 HTTP/1.1" 202 4222 "-" "PostmanRuntime/7.29.0"

info: ::1 - - [06/Jul/2022:14:35:02 +0000] "PUT /api/v1/cart/621588af05253301a4fda5ce HTTP/1.1" 202 4223 "-" "PostmanRuntime/7.29.0"

info: ::1 - - [06/Jul/2022:14:39:40 +0000] "PUT /api/v1/cart/621588af05253301a4fda5ce HTTP/1.1" 202 4223 "-" "PostmanRuntime/7.29.0"

info: ::1 - - [06/Jul/2022:14:41:31 +0000] "PUT /api/v1/cart/621588af05253301a4fda5ce HTTP/1.1" 400 62 "-" "PostmanRuntime/7.29.0"

info: ::1 - - [06/Jul/2022:14:43:07 +0000] "PUT /api/v1/cart/621588af05253301a4fda5ce HTTP/1.1" 202 4223 "-" "PostmanRuntime/7.29.0"

info: ::1 - - [06/Jul/2022:14:45:27 +0000] "PUT /api/v1/cart/621588af05253301a4fda5ce HTTP/1.1" 202 4226 "-" "PostmanRuntime/7.29.0"

info: ::1 - - [06/Jul/2022:14:46:00 +0000] "DELETE /api/v1/cart/621588af05253301a4fda5ce HTTP/1.1" 400 76 "-" "PostmanRuntime/7.29.0"

info: ::1 - - [06/Jul/2022:14:48:50 +0000] "DELETE /api/v1/cart/621588af05253301a4fda5ce HTTP/1.1" 200 50 "-" "PostmanRuntime/7.29.0"

info: ::1 - - [06/Jul/2022:14:50:45 +0000] "DELETE /api/v1/cart/621588af05253301a4fda5ce HTTP/1.1" 200 3892 "-" "PostmanRuntime/7.29.0"

error: uncaughtException: wishRoute is not defined
ReferenceError: wishRoute is not defined
    at routes (D:\book-store-server\src\routes\/index.js:15:27)
    at Object.<anonymous> (D:\book-store-server\src\/index.js:32:32)
    at Module._compile (node:internal/modules/cjs/loader:1105:14)
    at Module._compile (D:\book-store-server\node_modules\pirates\lib\index.js:136:24)
    at Module._extensions..js (node:internal/modules/cjs/loader:1159:10)
    at Object.newLoader [as .js] (D:\book-store-server\node_modules\pirates\lib\index.js:141:7)
    at Module.load (node:internal/modules/cjs/loader:981:32)
    at Function.Module._load (node:internal/modules/cjs/loader:822:12)
    at Function.executeUserEntryPoint [as runMain] (node:internal/modules/run_main:77:12)
    at Object.<anonymous> (D:\book-store-server\node_modules\@babel\node\lib\_babel-node.js:176:21)
    at Module._compile (node:internal/modules/cjs/loader:1105:14)
    at Object.Module._extensions..js (node:internal/modules/cjs/loader:1159:10)
    at Module.load (node:internal/modules/cjs/loader:981:32)
    at Function.Module._load (node:internal/modules/cjs/loader:822:12)
    at Function.executeUserEntryPoint [as runMain] (node:internal/modules/run_main:77:12)
    at node:internal/main/run_main_module:17:47 {"date":"Wed Jul 06 2022 21:04:44 GMT+0530 (India Standard Time)","error":{},"exception":true,"os":{"loadavg":[0,0,0],"uptime":795270},"process":{"argv":["node","D:\\book-store-server\\src\\index.js"],"cwd":"D:\\book-store-server","execPath":"C:\\Program Files\\nodejs\\node.exe","gid":null,"memoryUsage":{"arrayBuffers":18825158,"external":25582867,"heapTotal":118198272,"heapUsed":88410328,"rss":151601152},"pid":12196,"uid":null,"version":"v16.15.0"},"stack":"ReferenceError: wishRoute is not defined\n    at routes (D:\\book-store-server\\src\\routes\\/index.js:15:27)\n    at Object.<anonymous> (D:\\book-store-server\\src\\/index.js:32:32)\n    at Module._compile (node:internal/modules/cjs/loader:1105:14)\n    at Module._compile (D:\\book-store-server\\node_modules\\pirates\\lib\\index.js:136:24)\n    at Module._extensions..js (node:internal/modules/cjs/loader:1159:10)\n    at Object.newLoader [as .js] (D:\\book-store-server\\node_modules\\pirates\\lib\\index.js:141:7)\n    at Module.load (node:internal/modules/cjs/loader:981:32)\n    at Function.Module._load (node:internal/modules/cjs/loader:822:12)\n    at Function.executeUserEntryPoint [as runMain] (node:internal/modules/run_main:77:12)\n    at Object.<anonymous> (D:\\book-store-server\\node_modules\\@babel\\node\\lib\\_babel-node.js:176:21)\n    at Module._compile (node:internal/modules/cjs/loader:1105:14)\n    at Object.Module._extensions..js (node:internal/modules/cjs/loader:1159:10)\n    at Module.load (node:internal/modules/cjs/loader:981:32)\n    at Function.Module._load (node:internal/modules/cjs/loader:822:12)\n    at Function.executeUserEntryPoint [as runMain] (node:internal/modules/run_main:77:12)\n    at node:internal/main/run_main_module:17:47","trace":[{"column":27,"file":"D:\\book-store-server\\src\\routes\\/index.js","function":"routes","line":15,"method":null,"native":false},{"column":32,"file":"D:\\book-store-server\\src\\/index.js","function":null,"line":32,"method":null,"native":false},{"column":14,"file":"node:internal/modules/cjs/loader","function":"Module._compile","line":1105,"method":"_compile","native":false},{"column":24,"file":"D:\\book-store-server\\node_modules\\pirates\\lib\\index.js","function":"Module._compile","line":136,"method":"_compile","native":false},{"column":10,"file":"node:internal/modules/cjs/loader","function":"Module._extensions..js","line":1159,"method":".js","native":false},{"column":7,"file":"D:\\book-store-server\\node_modules\\pirates\\lib\\index.js","function":"Object.newLoader [as .js]","line":141,"method":"js]","native":false},{"column":32,"file":"node:internal/modules/cjs/loader","function":"Module.load","line":981,"method":"load","native":false},{"column":12,"file":"node:internal/modules/cjs/loader","function":"Module._load","line":822,"method":"_load","native":false},{"column":12,"file":"node:internal/modules/run_main","function":"Function.executeUserEntryPoint [as runMain]","line":77,"method":"executeUserEntryPoint [as runMain]","native":false},{"column":21,"file":"D:\\book-store-server\\node_modules\\@babel\\node\\lib\\_babel-node.js","function":null,"line":176,"method":null,"native":false},{"column":14,"file":"node:internal/modules/cjs/loader","function":"Module._compile","line":1105,"method":"_compile","native":false},{"column":10,"file":"node:internal/modules/cjs/loader","function":"Module._extensions..js","line":1159,"method":".js","native":false},{"column":32,"file":"node:internal/modules/cjs/loader","function":"Module.load","line":981,"method":"load","native":false},{"column":12,"file":"node:internal/modules/cjs/loader","function":"Module._load","line":822,"method":"_load","native":false},{"column":12,"file":"node:internal/modules/run_main","function":"Function.executeUserEntryPoint [as runMain]","line":77,"method":"executeUserEntryPoint [as runMain]","native":false},{"column":47,"file":"node:internal/main/run_main_module","function":null,"line":17,"method":null,"native":false}]}
info: ::1 - - [06/Jul/2022:15:36:42 +0000] "POST /api/v1/wishlist/621588af05253301a4fda5ce HTTP/1.1" 400 65 "-" "PostmanRuntime/7.29.0"

info: ::1 - - [06/Jul/2022:15:38:28 +0000] "POST /api/v1/wishlist/621588af05253301a4fda5ce HTTP/1.1" 201 4071 "-" "PostmanRuntime/7.29.0"

info: ::1 - - [06/Jul/2022:15:40:10 +0000] "POST /api/v1/wishlist/621588af05253301a4fda5ce HTTP/1.1" 201 354 "-" "PostmanRuntime/7.29.0"

info: ::1 - - [06/Jul/2022:15:40:40 +0000] "POST /api/v1/wishlist/621588af05253301a4fda5ce HTTP/1.1" 201 519 "-" "PostmanRuntime/7.29.0"

